<?xml version="1.0" encoding="UTF-8"?>
<!-- Generated by org.testng.reporters.JUnitXMLReporter -->
<testsuite hostname="Patil-PC" ignored="0" name="Default test" tests="6" failures="0" timestamp="14 Nov 2018 06:38:49 GMT" time="0.071" errors="0">
  <testcase name="f" time="0.013" classname="testing.com.Sample"/>
  <testcase name="AddAccount" time="0.002" classname="testing.com.Hello2"/>
  <testcase name="Logout" time="0.002" classname="testing.com.Hello2"/>
  <testcase name="Login" time="0.002" classname="testing.com.Hello"/>
  <testcase name="Search" time="0.002" classname="testing.com.Hello"/>
  <testcase name="Logout" time="0.002" classname="testing.com.Hello"/>
</testsuite> <!-- Default test -->
