<?xml version="1.0" encoding="UTF-8"?>
<testng-results skipped="0" failed="0" ignored="0" total="6" passed="6">
  <reporter-output>
  </reporter-output>
  <suite name="Default suite" duration-ms="71" started-at="2018-11-14T06:38:49Z" finished-at="2018-11-14T06:38:49Z">
    <groups>
    </groups>
    <test name="Default test" duration-ms="71" started-at="2018-11-14T06:38:49Z" finished-at="2018-11-14T06:38:49Z">
      <class name="testing.com.Hello2">
        <test-method status="PASS" signature="AddAccount()[pri:0, instance:testing.com.Hello2@eb21112]" name="AddAccount" duration-ms="2" started-at="2018-11-14T06:38:49Z" finished-at="2018-11-14T06:38:49Z">
          <reporter-output>
          </reporter-output>
        </test-method> <!-- AddAccount -->
        <test-method status="PASS" signature="Logout()[pri:0, instance:testing.com.Hello2@eb21112]" name="Logout" duration-ms="2" started-at="2018-11-14T06:38:49Z" finished-at="2018-11-14T06:38:49Z">
          <reporter-output>
          </reporter-output>
        </test-method> <!-- Logout -->
      </class> <!-- testing.com.Hello2 -->
      <class name="testing.com.Sample">
        <test-method status="PASS" signature="f()[pri:0, instance:testing.com.Sample@1786f9d5]" name="f" duration-ms="13" started-at="2018-11-14T06:38:49Z" finished-at="2018-11-14T06:38:49Z">
          <reporter-output>
          </reporter-output>
        </test-method> <!-- f -->
      </class> <!-- testing.com.Sample -->
      <class name="testing.com.Hello">
        <test-method status="PASS" signature="Login()[pri:1, instance:testing.com.Hello@2eda0940]" name="Login" duration-ms="2" started-at="2018-11-14T06:38:49Z" finished-at="2018-11-14T06:38:49Z">
          <reporter-output>
          </reporter-output>
        </test-method> <!-- Login -->
        <test-method status="PASS" signature="Search()[pri:2, instance:testing.com.Hello@2eda0940]" name="Search" duration-ms="2" started-at="2018-11-14T06:38:49Z" finished-at="2018-11-14T06:38:49Z">
          <reporter-output>
          </reporter-output>
        </test-method> <!-- Search -->
        <test-method status="PASS" signature="Logout()[pri:3, instance:testing.com.Hello@2eda0940]" name="Logout" duration-ms="2" started-at="2018-11-14T06:38:49Z" finished-at="2018-11-14T06:38:49Z">
          <reporter-output>
          </reporter-output>
        </test-method> <!-- Logout -->
      </class> <!-- testing.com.Hello -->
    </test> <!-- Default test -->
  </suite> <!-- Default suite -->
</testng-results>
